<?xml version="1.0" encoding="UTF-8"?>
<!-- Generated by org.testng.reporters.JUnitReportReporter -->
<testsuite hostname="LAPTOP-3USBQQ16" failures="1" tests="12" name="ApiTestRevise.ApitestCases" time="19.788" errors="0" timestamp="2024-07-12T01:03:43 IST" skipped="5">
  <testcase classname="ApiTestRevise.ApitestCases" name="patchReq" time="1.551"/>
  <system-out/>
  <testcase classname="ApiTestRevise.ApitestCases" name="delReq" time="1.519"/>
  <system-out/>
  <testcase classname="ApiTestRevise.ApitestCases" name="postAPI" time="3.430"/>
  <system-out/>
  <testcase classname="ApiTestRevise.ApitestCases" name="checkReq" time="1.536">
    <skipped/>
  </testcase> <!-- checkReq -->
  <system-out/>
  <testcase classname="ApiTestRevise.ApitestCases" name="getJWT" time="1.354"/>
  <system-out/>
  <testcase classname="ApiTestRevise.ApitestCases" name="checkReq" time="1.533">
    <skipped/>
  </testcase> <!-- checkReq -->
  <system-out/>
  <testcase classname="ApiTestRevise.ApitestCases" name="getAfterPost" time="1.291"/>
  <system-out/>
  <testcase classname="ApiTestRevise.ApitestCases" name="checkReq" time="1.436">
    <failure message="expected [true] but found [false]" type="java.lang.AssertionError">
      <![CDATA[java.lang.AssertionError: expected [true] but found [false]
at org.testng.Assert.fail(Assert.java:99)
at org.testng.Assert.failNotEquals(Assert.java:1037)
at org.testng.Assert.assertTrue(Assert.java:45)
at org.testng.Assert.assertTrue(Assert.java:55)
at ApiTestRevise.ApitestCases.checkReq(ApitestCases.java:138)
at java.base/jdk.internal.reflect.DirectMethodHandleAccessor.invoke(DirectMethodHandleAccessor.java:104)
at java.base/java.lang.reflect.Method.invoke(Method.java:577)
at org.testng.internal.MethodInvocationHelper.invokeMethod(MethodInvocationHelper.java:133)
at org.testng.internal.TestInvoker.invokeMethod(TestInvoker.java:598)
at org.testng.internal.TestInvoker.retryFailed(TestInvoker.java:213)
at org.testng.internal.MethodRunner.runInSequence(MethodRunner.java:58)
at org.testng.internal.TestInvoker$MethodInvocationAgent.invoke(TestInvoker.java:824)
at org.testng.internal.TestInvoker.invokeTestMethods(TestInvoker.java:146)
at org.testng.internal.TestMethodWorker.invokeTestMethods(TestMethodWorker.java:146)
at org.testng.internal.TestMethodWorker.run(TestMethodWorker.java:128)
at java.base/java.util.ArrayList.forEach(ArrayList.java:1511)
at org.testng.TestRunner.privateRun(TestRunner.java:794)
at org.testng.TestRunner.run(TestRunner.java:596)
at org.testng.SuiteRunner.runTest(SuiteRunner.java:377)
at org.testng.SuiteRunner.runSequentially(SuiteRunner.java:371)
at org.testng.SuiteRunner.privateRun(SuiteRunner.java:332)
at org.testng.SuiteRunner.run(SuiteRunner.java:276)
at org.testng.SuiteRunnerWorker.runSuite(SuiteRunnerWorker.java:53)
at org.testng.SuiteRunnerWorker.run(SuiteRunnerWorker.java:96)
at org.testng.TestNG.runSuitesSequentially(TestNG.java:1212)
at org.testng.TestNG.runSuitesLocally(TestNG.java:1134)
at org.testng.TestNG.runSuites(TestNG.java:1063)
at org.testng.TestNG.run(TestNG.java:1031)
at org.apache.maven.surefire.testng.TestNGExecutor.run(TestNGExecutor.java:284)
at org.apache.maven.surefire.testng.TestNGXmlTestSuite.execute(TestNGXmlTestSuite.java:75)
at org.apache.maven.surefire.testng.TestNGProvider.invoke(TestNGProvider.java:119)
at org.apache.maven.surefire.booter.ForkedBooter.runSuitesInProcess(ForkedBooter.java:428)
at org.apache.maven.surefire.booter.ForkedBooter.execute(ForkedBooter.java:162)
at org.apache.maven.surefire.booter.ForkedBooter.run(ForkedBooter.java:562)
at org.apache.maven.surefire.booter.ForkedBooter.main(ForkedBooter.java:548)
]]>
    </failure>
  </testcase> <!-- checkReq -->
  <system-out/>
  <testcase classname="ApiTestRevise.ApitestCases" name="getPut" time="1.527"/>
  <system-out/>
  <testcase classname="ApiTestRevise.ApitestCases" name="checkReq" time="1.530">
    <skipped/>
  </testcase> <!-- checkReq -->
  <system-out/>
  <testcase classname="ApiTestRevise.ApitestCases" name="checkReq" time="1.539">
    <skipped/>
  </testcase> <!-- checkReq -->
  <system-out/>
  <testcase classname="ApiTestRevise.ApitestCases" name="checkReq" time="1.542">
    <skipped/>
  </testcase> <!-- checkReq -->
  <system-out/>
</testsuite> <!-- ApiTestRevise.ApitestCases -->
